<?xml version="1.0" encoding="UTF-8"?>
<!-- Generated by org.testng.reporters.JUnitReportReporter -->
<testsuite hostname="LAPTOP-811Q52AV" failures="0" tests="1" name="com.framework.runner.TestRunner" time="7.249" errors="0" timestamp="2021-12-27T20:38:11 SGT" skipped="0">
  <testcase classname="com.framework.runner.TestRunner" name="runScenario" time="7.249"/>
  <system-out/>
</testsuite> <!-- com.framework.runner.TestRunner -->
